15.1858 	WARNING 	User requested fullscreen with size [1024  768], but screen is actually [1366, 768]. Using actual size
20.7532 	WARNING 	Couldn't measure a consistent frame rate.
  - Is your graphics card set to sync to vertical blank?
  - Are you running other processes on your computer?

20.7538 	EXP 	Created window1 = Window(allowGUI=False, allowStencil=False, args=UNKNOWN, autoLog=True, bitsMode=UNKNOWN, blendMode='avg', color=array([0., 0., 0.]), colorSpace='rgb', fullscr=<method-wrapper '__getattribute__' of attributeSetter object at 0x7fdeede4fac8>, gamma=None, kwargs=UNKNOWN, lms=UNKNOWN, monitor=<psychopy.monitors.calibTools.Monitor object at 0x7fdeedbe0ba8>, multiSample=False, name='window1', numSamples=2, pos=[0.0, 0.0], screen=0, size=array([1366,  768]), stereo=False, units='norm', useFBO=True, useRetina=False, viewOri=0.0, viewPos=None, viewScale=None, waitBlanking=True, winType='pyglet')
20.7538 	EXP 	window1: recordFrameIntervals = False
21.1057 	EXP 	window1: recordFrameIntervals = True
21.1765 	WARNING 	t of last frame was 44.23ms (=1/22)
21.2170 	WARNING 	t of last frame was 40.47ms (=1/24)
21.2383 	WARNING 	t of last frame was 21.25ms (=1/47)
21.2826 	WARNING 	t of last frame was 44.31ms (=1/22)
21.3199 	WARNING 	Multiple dropped frames have occurred - I'll stop bothering you about them!
24.6663 	WARNING 	Couldn't measure a consistent frame rate.
  - Is your graphics card set to sync to vertical blank?
  - Are you running other processes on your computer?

24.8950 	EXP 	Created text = TextStim(__class__=<class 'psychopy.visual.text.TextStim'>, alignHoriz='center', alignVert='center', antialias=True, autoLog=True, bold=False, color='white', colorSpace='named', contrast=1.0, depth=0.0, flipHoriz=False, flipVert=False, font='Arial', fontFiles=[], height=0.1, italic=False, languageStyle='LTR', name='text', opacity=1.0, ori=0, pos=array([0., 0.]), rgb=array([255., 255., 255.]), text=str(...), units='norm', win=Window(...), wrapWidth=1)
24.9094 	EXP 	Created text_2 = TextStim(__class__=<class 'psychopy.visual.text.TextStim'>, alignHoriz='center', alignVert='center', antialias=True, autoLog=True, bold=False, color='white', colorSpace='named', contrast=1.0, depth=0.0, flipHoriz=False, flipVert=False, font='Arial', fontFiles=[], height=0.1, italic=False, languageStyle='LTR', name='text_2', opacity=1.0, ori=0, pos=array([0., 0.]), rgb=array([255., 255., 255.]), text='Dłoń w górę', units='norm', win=Window(...), wrapWidth=1)
24.9215 	EXP 	Created text_3 = TextStim(__class__=<class 'psychopy.visual.text.TextStim'>, alignHoriz='center', alignVert='center', antialias=True, autoLog=True, bold=False, color='white', colorSpace='named', contrast=1.0, depth=-1.0, flipHoriz=False, flipVert=False, font='Arial', fontFiles=[], height=0.1, italic=False, languageStyle='LTR', name='text_3', opacity=1.0, ori=0, pos=array([0., 0.]), rgb=array([255., 255., 255.]), text='Dłoń w dół', units='norm', win=Window(...), wrapWidth=1)
24.9301 	EXP 	Created text_4 = TextStim(__class__=<class 'psychopy.visual.text.TextStim'>, alignHoriz='center', alignVert='center', antialias=True, autoLog=True, bold=False, color='white', colorSpace='named', contrast=1.0, depth=-2.0, flipHoriz=False, flipVert=False, font='Arial', fontFiles=[], height=0.1, italic=False, languageStyle='LTR', name='text_4', opacity=1.0, ori=0, pos=array([0., 0.]), rgb=array([255., 255., 255.]), text='Zaciśnij pięść', units='norm', win=Window(...), wrapWidth=1)
24.9433 	EXP 	Created text_13 = TextStim(__class__=<class 'psychopy.visual.text.TextStim'>, alignHoriz='center', alignVert='center', antialias=True, autoLog=True, bold=False, color='white', colorSpace='named', contrast=1.0, depth=-3.0, flipHoriz=False, flipVert=False, font='Arial', fontFiles=[], height=0.1, italic=False, languageStyle='LTR', name='text_13', opacity=1.0, ori=0, pos=array([0., 0.]), rgb=array([255., 255., 255.]), text='Wróć do pozycji wyjściowej', units='norm', win=Window(...), wrapWidth=1)
24.9564 	EXP 	Created text_14 = TextStim(__class__=<class 'psychopy.visual.text.TextStim'>, alignHoriz='center', alignVert='center', antialias=True, autoLog=True, bold=False, color='white', colorSpace='named', contrast=1.0, depth=-4.0, flipHoriz=False, flipVert=False, font='Arial', fontFiles=[], height=0.1, italic=False, languageStyle='LTR', name='text_14', opacity=1.0, ori=0, pos=array([0., 0.]), rgb=array([255., 255., 255.]), text='Wróć do pozycji wyjściowej\n', units='norm', win=Window(...), wrapWidth=1)
24.9652 	EXP 	Created text_15 = TextStim(__class__=<class 'psychopy.visual.text.TextStim'>, alignHoriz='center', alignVert='center', antialias=True, autoLog=True, bold=False, color='white', colorSpace='named', contrast=1.0, depth=-5.0, flipHoriz=False, flipVert=False, font='Arial', fontFiles=[], height=0.1, italic=False, languageStyle='LTR', name='text_15', opacity=1.0, ori=0, pos=array([0., 0.]), rgb=array([255., 255., 255.]), text='Wróć do pozycji wyjściowej', units='norm', win=Window(...), wrapWidth=1)
24.9784 	EXP 	Created text_5 = TextStim(__class__=<class 'psychopy.visual.text.TextStim'>, alignHoriz='center', alignVert='center', antialias=True, autoLog=True, bold=False, color='white', colorSpace='named', contrast=1.0, depth=0.0, flipHoriz=False, flipVert=False, font='Arial', fontFiles=[], height=0.1, italic=False, languageStyle='LTR', name='text_5', opacity=1.0, ori=0, pos=array([0., 0.]), rgb=array([255., 255., 255.]), text='Nacisnij spację by zacząć serię właściwą.', units='norm', win=Window(...), wrapWidth=1)
24.9936 	EXP 	Created text_6 = TextStim(__class__=<class 'psychopy.visual.text.TextStim'>, alignHoriz='center', alignVert='center', antialias=True, autoLog=True, bold=False, color='white', colorSpace='named', contrast=1.0, depth=0.0, flipHoriz=False, flipVert=False, font='Arial', fontFiles=[], height=0.1, italic=False, languageStyle='LTR', name='text_6', opacity=1.0, ori=0, pos=array([0., 0.]), rgb=array([255., 255., 255.]), text='Dłoń w górę.', units='norm', win=Window(...), wrapWidth=1)
25.0039 	EXP 	Created text_7 = TextStim(__class__=<class 'psychopy.visual.text.TextStim'>, alignHoriz='center', alignVert='center', antialias=True, autoLog=True, bold=False, color='white', colorSpace='named', contrast=1.0, depth=-1.0, flipHoriz=False, flipVert=False, font='Arial', fontFiles=[], height=0.1, italic=False, languageStyle='LTR', name='text_7', opacity=1.0, ori=0, pos=array([0., 0.]), rgb=array([255., 255., 255.]), text='Dłoń w dół', units='norm', win=Window(...), wrapWidth=1)
25.0124 	EXP 	Created text_8 = TextStim(__class__=<class 'psychopy.visual.text.TextStim'>, alignHoriz='center', alignVert='center', antialias=True, autoLog=True, bold=False, color='white', colorSpace='named', contrast=1.0, depth=-2.0, flipHoriz=False, flipVert=False, font='Arial', fontFiles=[], height=0.1, italic=False, languageStyle='LTR', name='text_8', opacity=1.0, ori=0, pos=array([0., 0.]), rgb=array([255., 255., 255.]), text='Nie rób nic', units='norm', win=Window(...), wrapWidth=1)
25.0209 	EXP 	Created text_10 = TextStim(__class__=<class 'psychopy.visual.text.TextStim'>, alignHoriz='center', alignVert='center', antialias=True, autoLog=True, bold=False, color='white', colorSpace='named', contrast=1.0, depth=-3.0, flipHoriz=False, flipVert=False, font='Arial', fontFiles=[], height=0.1, italic=False, languageStyle='LTR', name='text_10', opacity=1.0, ori=0, pos=array([0., 0.]), rgb=array([255., 255., 255.]), text='Wróć do pozycji wyjściowej', units='norm', win=Window(...), wrapWidth=1)
25.0332 	EXP 	Created text_11 = TextStim(__class__=<class 'psychopy.visual.text.TextStim'>, alignHoriz='center', alignVert='center', antialias=True, autoLog=True, bold=False, color='white', colorSpace='named', contrast=1.0, depth=-4.0, flipHoriz=False, flipVert=False, font='Arial', fontFiles=[], height=0.1, italic=False, languageStyle='LTR', name='text_11', opacity=1.0, ori=0, pos=array([0., 0.]), rgb=array([255., 255., 255.]), text='Wróć do pozycji wyjściowej\n', units='norm', win=Window(...), wrapWidth=1)
25.0455 	EXP 	Created text_12 = TextStim(__class__=<class 'psychopy.visual.text.TextStim'>, alignHoriz='center', alignVert='center', antialias=True, autoLog=True, bold=False, color='white', colorSpace='named', contrast=1.0, depth=-5.0, flipHoriz=False, flipVert=False, font='Arial', fontFiles=[], height=0.1, italic=False, languageStyle='LTR', name='text_12', opacity=1.0, ori=0, pos=array([0., 0.]), rgb=array([255., 255., 255.]), text='Wróć do pozycji wyjściowej', units='norm', win=Window(...), wrapWidth=1)
25.0599 	EXP 	Created text_9 = TextStim(__class__=<class 'psychopy.visual.text.TextStim'>, alignHoriz='center', alignVert='center', antialias=True, autoLog=True, bold=False, color='white', colorSpace='named', contrast=1.0, depth=0.0, flipHoriz=False, flipVert=False, font='Arial', fontFiles=[], height=0.1, italic=False, languageStyle='LTR', name='text_9', opacity=1.0, ori=0, pos=array([0., 0.]), rgb=array([255., 255., 255.]), text='Dziękujemy za współpracę :)', units='norm', win=Window(...), wrapWidth=1)
25.0924 	EXP 	text: autoDraw = True
34.1729 	DATA 	Keypress: space
34.1762 	EXP 	Created sequence: random, trialTypes=1, nReps=2, seed=None
34.1771 	EXP 	New trial (rep=0, index=0): None
34.2150 	EXP 	text: autoDraw = False
34.2150 	EXP 	text_2: autoDraw = True
36.2155 	EXP 	text_2: autoDraw = False
36.2155 	EXP 	text_13: autoDraw = True
37.2319 	EXP 	text_3: autoDraw = True
37.2319 	EXP 	text_13: autoDraw = False
39.2198 	EXP 	text_3: autoDraw = False
39.2198 	EXP 	text_14: autoDraw = True
40.2143 	EXP 	text_4: autoDraw = True
40.2143 	EXP 	text_14: autoDraw = False
42.2301 	EXP 	text_4: autoDraw = False
42.2301 	EXP 	text_15: autoDraw = True
43.1851 	EXP 	New trial (rep=1, index=0): None
43.2127 	EXP 	text_2: autoDraw = False
43.2127 	EXP 	text_3: autoDraw = False
43.2127 	EXP 	text_4: autoDraw = False
43.2127 	EXP 	text_13: autoDraw = False
43.2127 	EXP 	text_14: autoDraw = False
43.2127 	EXP 	text_15: autoDraw = False
43.2127 	EXP 	text_2: autoDraw = True
45.2322 	EXP 	text_2: autoDraw = False
45.2322 	EXP 	text_13: autoDraw = True
46.2129 	EXP 	text_3: autoDraw = True
46.2129 	EXP 	text_13: autoDraw = False
48.2439 	EXP 	text_3: autoDraw = False
48.2439 	EXP 	text_14: autoDraw = True
49.2370 	EXP 	text_4: autoDraw = True
49.2370 	EXP 	text_14: autoDraw = False
51.2384 	EXP 	text_4: autoDraw = False
51.2384 	EXP 	text_15: autoDraw = True
52.2141 	EXP 	text_2: autoDraw = False
52.2141 	EXP 	text_3: autoDraw = False
52.2141 	EXP 	text_4: autoDraw = False
52.2141 	EXP 	text_13: autoDraw = False
52.2141 	EXP 	text_14: autoDraw = False
52.2141 	EXP 	text_15: autoDraw = False
52.2141 	EXP 	text_5: autoDraw = True
54.6617 	DATA 	Keypress: space
54.6637 	EXP 	Created sequence: random, trialTypes=1, nReps=10, seed=None
54.6649 	EXP 	New trial (rep=0, index=0): None
54.6864 	EXP 	text_5: autoDraw = False
54.6864 	EXP 	text_6: autoDraw = True
56.2175 	EXP 	text_6: autoDraw = False
56.2175 	EXP 	text_10: autoDraw = True
58.2228 	EXP 	text_7: autoDraw = True
58.2228 	EXP 	text_10: autoDraw = False
59.7559 	EXP 	text_7: autoDraw = False
59.7559 	EXP 	text_11: autoDraw = True
61.7283 	EXP 	text_8: autoDraw = True
61.7283 	EXP 	text_11: autoDraw = False
63.2187 	EXP 	text_8: autoDraw = False
63.2187 	EXP 	text_12: autoDraw = True
65.1688 	EXP 	New trial (rep=1, index=0): None
65.1940 	EXP 	text_6: autoDraw = False
65.1940 	EXP 	text_7: autoDraw = False
65.1940 	EXP 	text_8: autoDraw = False
65.1940 	EXP 	text_10: autoDraw = False
65.1940 	EXP 	text_11: autoDraw = False
65.1940 	EXP 	text_12: autoDraw = False
65.1940 	EXP 	text_6: autoDraw = True
66.7426 	EXP 	text_6: autoDraw = False
66.7426 	EXP 	text_10: autoDraw = True
68.7298 	EXP 	text_7: autoDraw = True
68.7298 	EXP 	text_10: autoDraw = False
70.1981 	EXP 	text_7: autoDraw = False
70.1981 	EXP 	text_11: autoDraw = True
72.2261 	EXP 	text_8: autoDraw = True
72.2261 	EXP 	text_11: autoDraw = False
73.7279 	EXP 	text_8: autoDraw = False
73.7279 	EXP 	text_12: autoDraw = True
75.6834 	EXP 	New trial (rep=2, index=0): None
75.7227 	EXP 	text_6: autoDraw = False
75.7227 	EXP 	text_7: autoDraw = False
75.7227 	EXP 	text_8: autoDraw = False
75.7227 	EXP 	text_10: autoDraw = False
75.7227 	EXP 	text_11: autoDraw = False
75.7227 	EXP 	text_12: autoDraw = False
75.7227 	EXP 	text_6: autoDraw = True
77.2370 	EXP 	text_6: autoDraw = False
77.2370 	EXP 	text_10: autoDraw = True
79.2534 	EXP 	text_7: autoDraw = True
79.2534 	EXP 	text_10: autoDraw = False
80.7427 	EXP 	text_7: autoDraw = False
80.7427 	EXP 	text_11: autoDraw = True
82.7346 	EXP 	text_8: autoDraw = True
82.7346 	EXP 	text_11: autoDraw = False
84.2445 	EXP 	text_8: autoDraw = False
84.2445 	EXP 	text_12: autoDraw = True
86.1898 	EXP 	New trial (rep=3, index=0): None
86.2400 	EXP 	text_6: autoDraw = False
86.2400 	EXP 	text_7: autoDraw = False
86.2400 	EXP 	text_8: autoDraw = False
86.2400 	EXP 	text_10: autoDraw = False
86.2400 	EXP 	text_11: autoDraw = False
86.2400 	EXP 	text_12: autoDraw = False
86.2400 	EXP 	text_6: autoDraw = True
87.7585 	EXP 	text_6: autoDraw = False
87.7585 	EXP 	text_10: autoDraw = True
89.7334 	EXP 	text_7: autoDraw = True
89.7334 	EXP 	text_10: autoDraw = False
91.2372 	EXP 	text_7: autoDraw = False
91.2372 	EXP 	text_11: autoDraw = True
93.2681 	EXP 	text_8: autoDraw = True
93.2681 	EXP 	text_11: autoDraw = False
94.7602 	EXP 	text_8: autoDraw = False
94.7602 	EXP 	text_12: autoDraw = True
96.6830 	EXP 	New trial (rep=4, index=0): None
96.7115 	EXP 	text_6: autoDraw = False
96.7115 	EXP 	text_7: autoDraw = False
96.7115 	EXP 	text_8: autoDraw = False
96.7115 	EXP 	text_10: autoDraw = False
96.7115 	EXP 	text_11: autoDraw = False
96.7115 	EXP 	text_12: autoDraw = False
96.7115 	EXP 	text_6: autoDraw = True
98.2302 	EXP 	text_6: autoDraw = False
98.2302 	EXP 	text_10: autoDraw = True
100.2537 	EXP 	text_7: autoDraw = True
100.2537 	EXP 	text_10: autoDraw = False
101.7473 	EXP 	text_7: autoDraw = False
101.7473 	EXP 	text_11: autoDraw = True
103.7323 	EXP 	text_8: autoDraw = True
103.7323 	EXP 	text_11: autoDraw = False
105.2288 	EXP 	text_8: autoDraw = False
105.2288 	EXP 	text_12: autoDraw = True
107.1670 	EXP 	New trial (rep=5, index=0): None
107.1947 	EXP 	text_6: autoDraw = False
107.1947 	EXP 	text_7: autoDraw = False
107.1947 	EXP 	text_8: autoDraw = False
107.1947 	EXP 	text_10: autoDraw = False
107.1947 	EXP 	text_11: autoDraw = False
107.1947 	EXP 	text_12: autoDraw = False
107.1947 	EXP 	text_6: autoDraw = True
108.7178 	EXP 	text_6: autoDraw = False
108.7178 	EXP 	text_10: autoDraw = True
110.7127 	EXP 	text_7: autoDraw = True
110.7127 	EXP 	text_10: autoDraw = False
112.2431 	EXP 	text_7: autoDraw = False
112.2431 	EXP 	text_11: autoDraw = True
114.2193 	EXP 	text_8: autoDraw = True
114.2193 	EXP 	text_11: autoDraw = False
115.6990 	EXP 	text_8: autoDraw = False
115.6990 	EXP 	text_12: autoDraw = True
117.6861 	EXP 	New trial (rep=6, index=0): None
117.7415 	EXP 	text_6: autoDraw = False
117.7415 	EXP 	text_7: autoDraw = False
117.7415 	EXP 	text_8: autoDraw = False
117.7415 	EXP 	text_10: autoDraw = False
117.7415 	EXP 	text_11: autoDraw = False
117.7415 	EXP 	text_12: autoDraw = False
117.7415 	EXP 	text_6: autoDraw = True
119.2379 	EXP 	text_6: autoDraw = False
119.2379 	EXP 	text_10: autoDraw = True
121.2319 	EXP 	text_7: autoDraw = True
121.2319 	EXP 	text_10: autoDraw = False
122.7437 	EXP 	text_7: autoDraw = False
122.7437 	EXP 	text_11: autoDraw = True
124.7566 	EXP 	text_8: autoDraw = True
124.7566 	EXP 	text_11: autoDraw = False
126.2413 	EXP 	text_8: autoDraw = False
126.2413 	EXP 	text_12: autoDraw = True
128.1734 	EXP 	New trial (rep=7, index=0): None
128.2053 	EXP 	text_6: autoDraw = False
128.2053 	EXP 	text_7: autoDraw = False
128.2053 	EXP 	text_8: autoDraw = False
128.2053 	EXP 	text_10: autoDraw = False
128.2053 	EXP 	text_11: autoDraw = False
128.2053 	EXP 	text_12: autoDraw = False
128.2053 	EXP 	text_6: autoDraw = True
129.7090 	EXP 	text_6: autoDraw = False
129.7090 	EXP 	text_10: autoDraw = True
131.7357 	EXP 	text_7: autoDraw = True
131.7357 	EXP 	text_10: autoDraw = False
133.2357 	EXP 	text_7: autoDraw = False
133.2357 	EXP 	text_11: autoDraw = True
135.2463 	EXP 	text_8: autoDraw = True
135.2463 	EXP 	text_11: autoDraw = False
136.7268 	EXP 	text_8: autoDraw = False
136.7268 	EXP 	text_12: autoDraw = True
138.6829 	EXP 	New trial (rep=8, index=0): None
138.7215 	EXP 	text_6: autoDraw = False
138.7215 	EXP 	text_7: autoDraw = False
138.7215 	EXP 	text_8: autoDraw = False
138.7215 	EXP 	text_10: autoDraw = False
138.7215 	EXP 	text_11: autoDraw = False
138.7215 	EXP 	text_12: autoDraw = False
138.7215 	EXP 	text_6: autoDraw = True
140.2194 	EXP 	text_6: autoDraw = False
140.2194 	EXP 	text_10: autoDraw = True
142.2581 	EXP 	text_7: autoDraw = True
142.2581 	EXP 	text_10: autoDraw = False
143.7500 	EXP 	text_7: autoDraw = False
143.7500 	EXP 	text_11: autoDraw = True
145.7459 	EXP 	text_8: autoDraw = True
145.7459 	EXP 	text_11: autoDraw = False
147.2316 	EXP 	text_8: autoDraw = False
147.2316 	EXP 	text_12: autoDraw = True
149.1834 	EXP 	New trial (rep=9, index=0): None
149.2312 	EXP 	text_6: autoDraw = False
149.2312 	EXP 	text_7: autoDraw = False
149.2312 	EXP 	text_8: autoDraw = False
149.2312 	EXP 	text_10: autoDraw = False
149.2312 	EXP 	text_11: autoDraw = False
149.2312 	EXP 	text_12: autoDraw = False
149.2312 	EXP 	text_6: autoDraw = True
150.7251 	EXP 	text_6: autoDraw = False
150.7251 	EXP 	text_10: autoDraw = True
152.7477 	EXP 	text_7: autoDraw = True
152.7477 	EXP 	text_10: autoDraw = False
154.2411 	EXP 	text_7: autoDraw = False
154.2411 	EXP 	text_11: autoDraw = True
156.2354 	EXP 	text_8: autoDraw = True
156.2354 	EXP 	text_11: autoDraw = False
157.7255 	EXP 	text_8: autoDraw = False
157.7255 	EXP 	text_12: autoDraw = True
159.7153 	EXP 	text_6: autoDraw = False
159.7153 	EXP 	text_7: autoDraw = False
159.7153 	EXP 	text_8: autoDraw = False
159.7153 	EXP 	text_10: autoDraw = False
159.7153 	EXP 	text_11: autoDraw = False
159.7153 	EXP 	text_12: autoDraw = False
159.7153 	EXP 	text_9: autoDraw = True
162.5517 	DATA 	Keypress: space
162.7386 	EXP 	window1: mouseVisible = True
